<?xml version="1.0" encoding="UTF-8"?>
<!-- Generated by org.testng.reporters.JUnitReportReporter -->
<testsuite hostname="DESKTOP-D0QCN09" failures="0" tests="1" name="tms.bird.travelProject.TC04_UserSignIn_BookPackage_AdminLogin_ConfirmBooking_UserViewStatus_MyTourHistoryTest" time="6.661" errors="0" timestamp="2023-03-02T17:48:04 IST" skipped="0">
  <testcase classname="tms.bird.travelProject.TC04_UserSignIn_BookPackage_AdminLogin_ConfirmBooking_UserViewStatus_MyTourHistoryTest" name="userSignIn_BookPackage_AdminLogin_ConfirmBooking_UserViewStatus_MyTourHistoryTest" time="6.661"/>
  <system-out/>
</testsuite> <!-- tms.bird.travelProject.TC04_UserSignIn_BookPackage_AdminLogin_ConfirmBooking_UserViewStatus_MyTourHistoryTest -->
