<?xml version="1.0" encoding="UTF-8"?>
<!-- Generated by org.testng.reporters.JUnitReportReporter -->
<testsuite hostname="DESKTOP-D0QCN09" failures="0" tests="8" name="tms.bird.testngPractise.MulitpleTests" time="0.013" errors="0" timestamp="2023-02-28T12:48:42 IST" skipped="0">
  <testcase classname="tms.bird.testngPractise.MulitpleTests" name="test5" time="0.001"/>
  <system-out/>
  <testcase classname="tms.bird.testngPractise.MulitpleTests" name="test4" time="0.001"/>
  <system-out/>
  <testcase classname="tms.bird.testngPractise.MulitpleTests" name="test2" time="0.001"/>
  <system-out/>
  <testcase classname="tms.bird.testngPractise.MulitpleTests" name="test8" time="0.001"/>
  <system-out/>
  <testcase classname="tms.bird.testngPractise.MulitpleTests" name="test1" time="0.007"/>
  <system-out/>
  <testcase classname="tms.bird.testngPractise.MulitpleTests" name="test3" time="0.000"/>
  <system-out/>
  <testcase classname="tms.bird.testngPractise.MulitpleTests" name="test6" time="0.001"/>
  <system-out/>
  <testcase classname="tms.bird.testngPractise.MulitpleTests" name="test7" time="0.001"/>
  <system-out/>
</testsuite> <!-- tms.bird.testngPractise.MulitpleTests -->
