<?xml version="1.0" encoding="UTF-8"?>
<!-- Generated by org.testng.reporters.JUnitReportReporter -->
<testsuite hostname="DESKTOP-D0QCN09" failures="0" tests="1" name="tms.bird.travelProject.TC02_AdminCreatePackage_UpdateSamePackageTest" time="2.927" errors="0" timestamp="2023-03-03T15:55:33 IST" skipped="0">
  <testcase classname="tms.bird.travelProject.TC02_AdminCreatePackage_UpdateSamePackageTest" name="adminCreatePackage_UpdateSamePackageTest" time="2.927"/>
  <system-out/>
</testsuite> <!-- tms.bird.travelProject.TC02_AdminCreatePackage_UpdateSamePackageTest -->
