<?xml version="1.0" encoding="UTF-8"?>
<!-- Generated by org.testng.reporters.JUnitReportReporter -->
<testsuite hostname="DESKTOP-D0QCN09" failures="0" tests="1" name="tms.bird.testngPractise.TestNGAnnotations" time="0.006" errors="0" timestamp="2023-02-27T14:28:34 IST" skipped="0">
  <testcase classname="tms.bird.testngPractise.TestNGAnnotations" name="test" time="0.006"/>
  <system-out/>
</testsuite> <!-- tms.bird.testngPractise.TestNGAnnotations -->
