<?xml version="1.0" encoding="UTF-8"?>
<!-- Generated by org.testng.reporters.JUnitReportReporter -->
<testsuite hostname="DESKTOP-D0QCN09" failures="0" tests="1" name="tms.bird.admin.TC02_AdminCreatePackage_UpdateSamePackageTest" time="3.245" errors="0" timestamp="2023-02-24T17:01:01 IST" skipped="0">
  <testcase classname="tms.bird.admin.TC02_AdminCreatePackage_UpdateSamePackageTest" name="adminCreatePackage_UpdateSamePackageTest" time="3.245"/>
  <system-out/>
</testsuite> <!-- tms.bird.admin.TC02_AdminCreatePackage_UpdateSamePackageTest -->
