<?xml version="1.0" encoding="UTF-8"?>
<!-- Generated by org.testng.reporters.JUnitReportReporter -->
<testsuite hostname="DESKTOP-D0QCN09" failures="0" tests="1" name="tms.bird.travelProject.TC01_AdminCreatePackage_UserViewPackageTest" time="4.369" errors="0" timestamp="2023-03-07T17:05:47 IST" skipped="0">
  <testcase classname="tms.bird.travelProject.TC01_AdminCreatePackage_UserViewPackageTest" name="adminCreatePackage_UserViewPackageTest" time="4.369"/>
  <system-out/>
</testsuite> <!-- tms.bird.travelProject.TC01_AdminCreatePackage_UserViewPackageTest -->
