<?xml version="1.0" encoding="UTF-8"?>
<!-- Generated by org.testng.reporters.JUnitReportReporter -->
<testsuite hostname="DESKTOP-D0QCN09" failures="0" tests="1" name="tms.bird.testngPractise.ExtentReportPratice" time="0.562" errors="0" timestamp="2023-03-02T15:27:02 IST" skipped="0">
  <testcase classname="tms.bird.testngPractise.ExtentReportPratice" name="report" time="0.562"/>
  <system-out/>
</testsuite> <!-- tms.bird.testngPractise.ExtentReportPratice -->
