<?xml version="1.0" encoding="UTF-8"?>
<!-- Generated by org.testng.reporters.JUnitReportReporter -->
<testsuite hostname="DESKTOP-D0QCN09" failures="0" tests="1" name="tms.bird.practice.TestNGPracticeClass" time="0.015" errors="0" timestamp="2023-02-22T12:24:27 IST" skipped="0">
  <testcase classname="tms.bird.practice.TestNGPracticeClass" name="test" time="0.015"/>
  <system-out/>
</testsuite> <!-- tms.bird.practice.TestNGPracticeClass -->
