<?xml version="1.0" encoding="UTF-8"?>
<!-- Generated by org.testng.reporters.JUnitReportReporter -->
<testsuite hostname="DESKTOP-D0QCN09" failures="0" tests="1" name="tms.bird.testngPractise.TestNGPracticeClass" time="0.008" errors="0" timestamp="2023-02-28T13:05:26 IST" skipped="0">
  <testcase classname="tms.bird.testngPractise.TestNGPracticeClass" name="test" time="0.008"/>
  <system-out/>
</testsuite> <!-- tms.bird.testngPractise.TestNGPracticeClass -->
