<?xml version="1.0" encoding="UTF-8"?>
<!-- Generated by org.testng.reporters.JUnitReportReporter -->
<testsuite hostname="DESKTOP-D0QCN09" failures="0" tests="1" name="tms.bird.travelProject.TC03_UserSignUp_SignIn_UserBookPackage_AdminLogin_ConfirmPackageTest" time="5.170" errors="0" timestamp="2023-03-02T17:48:04 IST" skipped="0">
  <testcase classname="tms.bird.travelProject.TC03_UserSignUp_SignIn_UserBookPackage_AdminLogin_ConfirmPackageTest" name="userSignUp_SignIn_UserBookPackage_AdminLogin_ConfirmPackageTest" time="5.170"/>
  <system-out/>
</testsuite> <!-- tms.bird.travelProject.TC03_UserSignUp_SignIn_UserBookPackage_AdminLogin_ConfirmPackageTest -->
